<?xml version="1.0" encoding="UTF-8"?>
<coverage generated="1643933090170" clover="3.2.0">
  <project timestamp="1643933090170" name="All files">
    <metrics statements="45" coveredstatements="45" conditionals="48" coveredconditionals="48" methods="11" coveredmethods="11" elements="104" coveredelements="104" complexity="0" loc="45" ncloc="45" packages="1" files="1" classes="1"/>
    <file name="haiku.js" path="C:\Users\Zach\Desktop\Haiku\src\js\haiku.js">
      <metrics statements="45" coveredstatements="45" conditionals="48" coveredconditionals="48" methods="11" coveredmethods="11"/>
      <line num="3" count="13" type="cond" truecount="2" falsecount="0"/>
      <line num="4" count="1" type="stmt"/>
      <line num="5" count="1" type="stmt"/>
      <line num="6" count="12" type="cond" truecount="2" falsecount="0"/>
      <line num="7" count="1" type="stmt"/>
      <line num="8" count="1" type="stmt"/>
      <line num="9" count="11" type="cond" truecount="2" falsecount="0"/>
      <line num="10" count="1" type="stmt"/>
      <line num="11" count="1" type="stmt"/>
      <line num="12" count="10" type="cond" truecount="8" falsecount="0"/>
      <line num="13" count="1" type="stmt"/>
      <line num="14" count="1" type="stmt"/>
      <line num="15" count="9" type="cond" truecount="8" falsecount="0"/>
      <line num="16" count="1" type="stmt"/>
      <line num="17" count="1" type="stmt"/>
      <line num="19" count="8" type="stmt"/>
      <line num="24" count="8" type="cond" truecount="8" falsecount="0"/>
      <line num="25" count="3" type="stmt"/>
      <line num="26" count="5" type="cond" truecount="2" falsecount="0"/>
      <line num="27" count="2" type="stmt"/>
      <line num="28" count="2" type="stmt"/>
      <line num="29" count="3" type="cond" truecount="2" falsecount="0"/>
      <line num="30" count="1" type="stmt"/>
      <line num="31" count="1" type="stmt"/>
      <line num="33" count="2" type="stmt"/>
      <line num="38" count="5" type="stmt"/>
      <line num="39" count="5" type="stmt"/>
      <line num="40" count="5" type="stmt"/>
      <line num="41" count="22" type="cond" truecount="7" falsecount="0"/>
      <line num="42" count="8" type="stmt"/>
      <line num="44" count="14" type="stmt"/>
      <line num="47" count="5" type="stmt"/>
      <line num="51" count="5" type="cond" truecount="2" falsecount="0"/>
      <line num="52" count="1" type="stmt"/>
      <line num="53" count="1" type="stmt"/>
      <line num="55" count="4" type="stmt"/>
      <line num="56" count="4" type="stmt"/>
      <line num="61" count="12" type="stmt"/>
      <line num="62" count="23" type="cond" truecount="5" falsecount="0"/>
      <line num="63" count="12" type="stmt"/>
      <line num="67" count="3" type="stmt"/>
      <line num="68" count="1" type="stmt"/>
      <line num="72" count="1" type="stmt"/>
      <line num="73" count="3" type="stmt"/>
      <line num="75" count="1" type="stmt"/>
    </file>
  </project>
</coverage>
