{"C:\\Users\\Zach\\Desktop\\Haiku\\src\\js\\haiku.js": {"path":"C:\\Users\\Zach\\Desktop\\Haiku\\src\\js\\haiku.js","statementMap":{"0":{"start":{"line":3,"column":2},"end":{"line":20,"column":3}},"1":{"start":{"line":4,"column":18},"end":{"line":4,"column":46}},"2":{"start":{"line":5,"column":4},"end":{"line":5,"column":17}},"3":{"start":{"line":6,"column":9},"end":{"line":20,"column":3}},"4":{"start":{"line":7,"column":18},"end":{"line":7,"column":46}},"5":{"start":{"line":8,"column":4},"end":{"line":8,"column":17}},"6":{"start":{"line":9,"column":9},"end":{"line":20,"column":3}},"7":{"start":{"line":10,"column":18},"end":{"line":10,"column":45}},"8":{"start":{"line":11,"column":4},"end":{"line":11,"column":17}},"9":{"start":{"line":12,"column":9},"end":{"line":20,"column":3}},"10":{"start":{"line":13,"column":31},"end":{"line":13,"column":38}},"11":{"start":{"line":14,"column":4},"end":{"line":14,"column":30}},"12":{"start":{"line":15,"column":9},"end":{"line":20,"column":3}},"13":{"start":{"line":16,"column":18},"end":{"line":16,"column":43}},"14":{"start":{"line":17,"column":4},"end":{"line":17,"column":17}},"15":{"start":{"line":19,"column":4},"end":{"line":19,"column":18}},"16":{"start":{"line":24,"column":2},"end":{"line":34,"column":3}},"17":{"start":{"line":25,"column":4},"end":{"line":25,"column":18}},"18":{"start":{"line":26,"column":9},"end":{"line":34,"column":3}},"19":{"start":{"line":27,"column":20},"end":{"line":27,"column":43}},"20":{"start":{"line":28,"column":4},"end":{"line":28,"column":19}},"21":{"start":{"line":29,"column":9},"end":{"line":34,"column":3}},"22":{"start":{"line":30,"column":20},"end":{"line":30,"column":44}},"23":{"start":{"line":31,"column":4},"end":{"line":31,"column":19}},"24":{"start":{"line":33,"column":4},"end":{"line":33,"column":18}},"25":{"start":{"line":38,"column":15},"end":{"line":38,"column":31}},"26":{"start":{"line":39,"column":16},"end":{"line":39,"column":18}},"27":{"start":{"line":40,"column":2},"end":{"line":46,"column":5}},"28":{"start":{"line":41,"column":4},"end":{"line":45,"column":5}},"29":{"start":{"line":42,"column":6},"end":{"line":42,"column":24}},"30":{"start":{"line":44,"column":6},"end":{"line":44,"column":27}},"31":{"start":{"line":47,"column":2},"end":{"line":47,"column":26}},"32":{"start":{"line":51,"column":2},"end":{"line":57,"column":3}},"33":{"start":{"line":52,"column":20},"end":{"line":52,"column":45}},"34":{"start":{"line":53,"column":4},"end":{"line":53,"column":19}},"35":{"start":{"line":55,"column":20},"end":{"line":55,"column":26}},"36":{"start":{"line":56,"column":4},"end":{"line":56,"column":19}},"37":{"start":{"line":61,"column":15},"end":{"line":61,"column":31}},"38":{"start":{"line":62,"column":18},"end":{"line":62,"column":97}},"39":{"start":{"line":62,"column":35},"end":{"line":62,"column":96}},"40":{"start":{"line":63,"column":2},"end":{"line":63,"column":24}},"41":{"start":{"line":67,"column":24},"end":{"line":67,"column":107}},"42":{"start":{"line":67,"column":37},"end":{"line":67,"column":106}},"43":{"start":{"line":68,"column":2},"end":{"line":68,"column":23}},"44":{"start":{"line":72,"column":22},"end":{"line":74,"column":7}},"45":{"start":{"line":73,"column":4},"end":{"line":73,"column":34}},"46":{"start":{"line":75,"column":2},"end":{"line":75,"column":21}}},"fnMap":{"0":{"name":"exemption","decl":{"start":{"line":2,"column":16},"end":{"line":2,"column":25}},"loc":{"start":{"line":2,"column":34},"end":{"line":21,"column":1}},"line":2},"1":{"name":"deleteSilent","decl":{"start":{"line":23,"column":16},"end":{"line":23,"column":28}},"loc":{"start":{"line":23,"column":37},"end":{"line":35,"column":1}},"line":23},"2":{"name":"eilizer","decl":{"start":{"line":37,"column":16},"end":{"line":37,"column":23}},"loc":{"start":{"line":37,"column":32},"end":{"line":48,"column":1}},"line":37},"3":{"name":"(anonymous_3)","decl":{"start":{"line":40,"column":11},"end":{"line":40,"column":12}},"loc":{"start":{"line":40,"column":28},"end":{"line":46,"column":3}},"line":40},"4":{"name":"doubleVowelRemover","decl":{"start":{"line":50,"column":16},"end":{"line":50,"column":34}},"loc":{"start":{"line":50,"column":43},"end":{"line":58,"column":1}},"line":50},"5":{"name":"vowelCounter","decl":{"start":{"line":60,"column":16},"end":{"line":60,"column":28}},"loc":{"start":{"line":60,"column":37},"end":{"line":64,"column":1}},"line":60},"6":{"name":"(anonymous_6)","decl":{"start":{"line":62,"column":30},"end":{"line":62,"column":31}},"loc":{"start":{"line":62,"column":35},"end":{"line":62,"column":96}},"line":62},"7":{"name":"doTheDangThang","decl":{"start":{"line":66,"column":16},"end":{"line":66,"column":30}},"loc":{"start":{"line":66,"column":37},"end":{"line":69,"column":1}},"line":66},"8":{"name":"(anonymous_8)","decl":{"start":{"line":67,"column":32},"end":{"line":67,"column":33}},"loc":{"start":{"line":67,"column":37},"end":{"line":67,"column":106}},"line":67},"9":{"name":"addTheDangThang","decl":{"start":{"line":71,"column":16},"end":{"line":71,"column":31}},"loc":{"start":{"line":71,"column":38},"end":{"line":76,"column":1}},"line":71},"10":{"name":"(anonymous_10)","decl":{"start":{"line":72,"column":33},"end":{"line":72,"column":34}},"loc":{"start":{"line":72,"column":65},"end":{"line":74,"column":3}},"line":72}},"branchMap":{"0":{"loc":{"start":{"line":3,"column":2},"end":{"line":20,"column":3}},"type":"if","locations":[{"start":{"line":3,"column":2},"end":{"line":20,"column":3}},{"start":{"line":3,"column":2},"end":{"line":20,"column":3}}],"line":3},"1":{"loc":{"start":{"line":6,"column":9},"end":{"line":20,"column":3}},"type":"if","locations":[{"start":{"line":6,"column":9},"end":{"line":20,"column":3}},{"start":{"line":6,"column":9},"end":{"line":20,"column":3}}],"line":6},"2":{"loc":{"start":{"line":9,"column":9},"end":{"line":20,"column":3}},"type":"if","locations":[{"start":{"line":9,"column":9},"end":{"line":20,"column":3}},{"start":{"line":9,"column":9},"end":{"line":20,"column":3}}],"line":9},"3":{"loc":{"start":{"line":12,"column":9},"end":{"line":20,"column":3}},"type":"if","locations":[{"start":{"line":12,"column":9},"end":{"line":20,"column":3}},{"start":{"line":12,"column":9},"end":{"line":20,"column":3}}],"line":12},"4":{"loc":{"start":{"line":12,"column":13},"end":{"line":12,"column":157}},"type":"binary-expr","locations":[{"start":{"line":12,"column":13},"end":{"line":12,"column":32}},{"start":{"line":12,"column":38},"end":{"line":12,"column":55}},{"start":{"line":12,"column":61},"end":{"line":12,"column":78}},{"start":{"line":12,"column":84},"end":{"line":12,"column":101}},{"start":{"line":12,"column":109},"end":{"line":12,"column":129}},{"start":{"line":12,"column":135},"end":{"line":12,"column":155}}],"line":12},"5":{"loc":{"start":{"line":15,"column":9},"end":{"line":20,"column":3}},"type":"if","locations":[{"start":{"line":15,"column":9},"end":{"line":20,"column":3}},{"start":{"line":15,"column":9},"end":{"line":20,"column":3}}],"line":15},"6":{"loc":{"start":{"line":15,"column":13},"end":{"line":15,"column":179}},"type":"binary-expr","locations":[{"start":{"line":15,"column":14},"end":{"line":15,"column":34}},{"start":{"line":15,"column":42},"end":{"line":15,"column":64}},{"start":{"line":15,"column":70},"end":{"line":15,"column":92}},{"start":{"line":15,"column":98},"end":{"line":15,"column":120}},{"start":{"line":15,"column":126},"end":{"line":15,"column":148}},{"start":{"line":15,"column":154},"end":{"line":15,"column":176}}],"line":15},"7":{"loc":{"start":{"line":24,"column":2},"end":{"line":34,"column":3}},"type":"if","locations":[{"start":{"line":24,"column":2},"end":{"line":34,"column":3}},{"start":{"line":24,"column":2},"end":{"line":34,"column":3}}],"line":24},"8":{"loc":{"start":{"line":24,"column":6},"end":{"line":24,"column":154}},"type":"binary-expr","locations":[{"start":{"line":24,"column":7},"end":{"line":24,"column":25}},{"start":{"line":24,"column":32},"end":{"line":24,"column":52}},{"start":{"line":24,"column":57},"end":{"line":24,"column":78}},{"start":{"line":24,"column":82},"end":{"line":24,"column":103}},{"start":{"line":24,"column":107},"end":{"line":24,"column":128}},{"start":{"line":24,"column":132},"end":{"line":24,"column":153}}],"line":24},"9":{"loc":{"start":{"line":26,"column":9},"end":{"line":34,"column":3}},"type":"if","locations":[{"start":{"line":26,"column":9},"end":{"line":34,"column":3}},{"start":{"line":26,"column":9},"end":{"line":34,"column":3}}],"line":26},"10":{"loc":{"start":{"line":29,"column":9},"end":{"line":34,"column":3}},"type":"if","locations":[{"start":{"line":29,"column":9},"end":{"line":34,"column":3}},{"start":{"line":29,"column":9},"end":{"line":34,"column":3}}],"line":29},"11":{"loc":{"start":{"line":41,"column":4},"end":{"line":45,"column":5}},"type":"if","locations":[{"start":{"line":41,"column":4},"end":{"line":45,"column":5}},{"start":{"line":41,"column":4},"end":{"line":45,"column":5}}],"line":41},"12":{"loc":{"start":{"line":41,"column":8},"end":{"line":41,"column":94}},"type":"binary-expr","locations":[{"start":{"line":41,"column":8},"end":{"line":41,"column":22}},{"start":{"line":41,"column":26},"end":{"line":41,"column":40}},{"start":{"line":41,"column":44},"end":{"line":41,"column":58}},{"start":{"line":41,"column":62},"end":{"line":41,"column":76}},{"start":{"line":41,"column":80},"end":{"line":41,"column":94}}],"line":41},"13":{"loc":{"start":{"line":51,"column":2},"end":{"line":57,"column":3}},"type":"if","locations":[{"start":{"line":51,"column":2},"end":{"line":57,"column":3}},{"start":{"line":51,"column":2},"end":{"line":57,"column":3}}],"line":51},"14":{"loc":{"start":{"line":62,"column":35},"end":{"line":62,"column":96}},"type":"binary-expr","locations":[{"start":{"line":62,"column":35},"end":{"line":62,"column":44}},{"start":{"line":62,"column":48},"end":{"line":62,"column":57}},{"start":{"line":62,"column":61},"end":{"line":62,"column":70}},{"start":{"line":62,"column":74},"end":{"line":62,"column":83}},{"start":{"line":62,"column":87},"end":{"line":62,"column":96}}],"line":62}},"s":{"0":13,"1":1,"2":1,"3":12,"4":1,"5":1,"6":11,"7":1,"8":1,"9":10,"10":1,"11":1,"12":9,"13":1,"14":1,"15":8,"16":8,"17":3,"18":5,"19":2,"20":2,"21":3,"22":1,"23":1,"24":2,"25":5,"26":5,"27":5,"28":22,"29":8,"30":14,"31":5,"32":5,"33":1,"34":1,"35":4,"36":4,"37":12,"38":12,"39":23,"40":12,"41":1,"42":3,"43":1,"44":1,"45":3,"46":1},"f":{"0":13,"1":8,"2":5,"3":22,"4":5,"5":12,"6":23,"7":1,"8":3,"9":1,"10":3},"b":{"0":[1,12],"1":[1,11],"2":[1,10],"3":[1,9],"4":[10,3,1,1,2,1],"5":[1,8],"6":[9,6,5,3,2,2],"7":[3,5],"8":[8,4,4,3,3,3],"9":[2,3],"10":[1,2],"11":[8,14],"12":[22,19,17,16,15],"13":[1,4],"14":[23,21,15,14,13]},"_coverageSchema":"43e27e138ebf9cfc5966b082cf9a028302ed4184","hash":"bf687f22b3873ce1d46f94e31efbfc5a1efe0bae"}
}
