{"C:\\Users\\Zach\\Desktop\\Haiku\\src\\js\\haiku.js": {"path":"C:\\Users\\Zach\\Desktop\\Haiku\\src\\js\\haiku.js","statementMap":{"0":{"start":{"line":3,"column":2},"end":{"line":11,"column":3}},"1":{"start":{"line":4,"column":18},"end":{"line":4,"column":46}},"2":{"start":{"line":5,"column":4},"end":{"line":5,"column":16}},"3":{"start":{"line":6,"column":9},"end":{"line":11,"column":3}},"4":{"start":{"line":7,"column":18},"end":{"line":7,"column":46}},"5":{"start":{"line":8,"column":4},"end":{"line":8,"column":16}},"6":{"start":{"line":10,"column":4},"end":{"line":10,"column":17}},"7":{"start":{"line":15,"column":2},"end":{"line":23,"column":3}},"8":{"start":{"line":16,"column":20},"end":{"line":16,"column":43}},"9":{"start":{"line":17,"column":4},"end":{"line":17,"column":19}},"10":{"start":{"line":18,"column":9},"end":{"line":23,"column":3}},"11":{"start":{"line":19,"column":20},"end":{"line":19,"column":44}},"12":{"start":{"line":20,"column":4},"end":{"line":20,"column":19}},"13":{"start":{"line":22,"column":4},"end":{"line":22,"column":18}},"14":{"start":{"line":27,"column":15},"end":{"line":27,"column":31}},"15":{"start":{"line":28,"column":16},"end":{"line":28,"column":18}},"16":{"start":{"line":29,"column":2},"end":{"line":35,"column":5}},"17":{"start":{"line":30,"column":4},"end":{"line":34,"column":5}},"18":{"start":{"line":31,"column":6},"end":{"line":31,"column":24}},"19":{"start":{"line":33,"column":6},"end":{"line":33,"column":27}},"20":{"start":{"line":36,"column":2},"end":{"line":36,"column":26}},"21":{"start":{"line":40,"column":2},"end":{"line":46,"column":3}},"22":{"start":{"line":41,"column":20},"end":{"line":41,"column":45}},"23":{"start":{"line":42,"column":4},"end":{"line":42,"column":19}},"24":{"start":{"line":44,"column":20},"end":{"line":44,"column":26}},"25":{"start":{"line":45,"column":4},"end":{"line":45,"column":19}},"26":{"start":{"line":50,"column":15},"end":{"line":50,"column":31}},"27":{"start":{"line":51,"column":18},"end":{"line":51,"column":97}},"28":{"start":{"line":51,"column":35},"end":{"line":51,"column":96}},"29":{"start":{"line":52,"column":2},"end":{"line":52,"column":24}},"30":{"start":{"line":66,"column":24},"end":{"line":66,"column":107}},"31":{"start":{"line":66,"column":37},"end":{"line":66,"column":106}},"32":{"start":{"line":67,"column":2},"end":{"line":67,"column":23}}},"fnMap":{"0":{"name":"exemption","decl":{"start":{"line":2,"column":16},"end":{"line":2,"column":25}},"loc":{"start":{"line":2,"column":34},"end":{"line":12,"column":1}},"line":2},"1":{"name":"deleteSilent","decl":{"start":{"line":14,"column":16},"end":{"line":14,"column":28}},"loc":{"start":{"line":14,"column":37},"end":{"line":24,"column":1}},"line":14},"2":{"name":"eilizer","decl":{"start":{"line":26,"column":16},"end":{"line":26,"column":23}},"loc":{"start":{"line":26,"column":32},"end":{"line":37,"column":1}},"line":26},"3":{"name":"(anonymous_3)","decl":{"start":{"line":29,"column":11},"end":{"line":29,"column":12}},"loc":{"start":{"line":29,"column":28},"end":{"line":35,"column":3}},"line":29},"4":{"name":"doubleVowelRemover","decl":{"start":{"line":39,"column":16},"end":{"line":39,"column":34}},"loc":{"start":{"line":39,"column":43},"end":{"line":47,"column":1}},"line":39},"5":{"name":"vowelCounter","decl":{"start":{"line":49,"column":16},"end":{"line":49,"column":28}},"loc":{"start":{"line":49,"column":37},"end":{"line":53,"column":1}},"line":49},"6":{"name":"(anonymous_6)","decl":{"start":{"line":51,"column":30},"end":{"line":51,"column":31}},"loc":{"start":{"line":51,"column":35},"end":{"line":51,"column":96}},"line":51},"7":{"name":"doTheDangThang","decl":{"start":{"line":65,"column":16},"end":{"line":65,"column":30}},"loc":{"start":{"line":65,"column":37},"end":{"line":68,"column":1}},"line":65},"8":{"name":"(anonymous_8)","decl":{"start":{"line":66,"column":32},"end":{"line":66,"column":33}},"loc":{"start":{"line":66,"column":37},"end":{"line":66,"column":106}},"line":66}},"branchMap":{"0":{"loc":{"start":{"line":3,"column":2},"end":{"line":11,"column":3}},"type":"if","locations":[{"start":{"line":3,"column":2},"end":{"line":11,"column":3}},{"start":{"line":3,"column":2},"end":{"line":11,"column":3}}],"line":3},"1":{"loc":{"start":{"line":6,"column":9},"end":{"line":11,"column":3}},"type":"if","locations":[{"start":{"line":6,"column":9},"end":{"line":11,"column":3}},{"start":{"line":6,"column":9},"end":{"line":11,"column":3}}],"line":6},"2":{"loc":{"start":{"line":15,"column":2},"end":{"line":23,"column":3}},"type":"if","locations":[{"start":{"line":15,"column":2},"end":{"line":23,"column":3}},{"start":{"line":15,"column":2},"end":{"line":23,"column":3}}],"line":15},"3":{"loc":{"start":{"line":18,"column":9},"end":{"line":23,"column":3}},"type":"if","locations":[{"start":{"line":18,"column":9},"end":{"line":23,"column":3}},{"start":{"line":18,"column":9},"end":{"line":23,"column":3}}],"line":18},"4":{"loc":{"start":{"line":30,"column":4},"end":{"line":34,"column":5}},"type":"if","locations":[{"start":{"line":30,"column":4},"end":{"line":34,"column":5}},{"start":{"line":30,"column":4},"end":{"line":34,"column":5}}],"line":30},"5":{"loc":{"start":{"line":30,"column":8},"end":{"line":30,"column":94}},"type":"binary-expr","locations":[{"start":{"line":30,"column":8},"end":{"line":30,"column":22}},{"start":{"line":30,"column":26},"end":{"line":30,"column":40}},{"start":{"line":30,"column":44},"end":{"line":30,"column":58}},{"start":{"line":30,"column":62},"end":{"line":30,"column":76}},{"start":{"line":30,"column":80},"end":{"line":30,"column":94}}],"line":30},"6":{"loc":{"start":{"line":40,"column":2},"end":{"line":46,"column":3}},"type":"if","locations":[{"start":{"line":40,"column":2},"end":{"line":46,"column":3}},{"start":{"line":40,"column":2},"end":{"line":46,"column":3}}],"line":40},"7":{"loc":{"start":{"line":51,"column":35},"end":{"line":51,"column":96}},"type":"binary-expr","locations":[{"start":{"line":51,"column":35},"end":{"line":51,"column":44}},{"start":{"line":51,"column":48},"end":{"line":51,"column":57}},{"start":{"line":51,"column":61},"end":{"line":51,"column":70}},{"start":{"line":51,"column":74},"end":{"line":51,"column":83}},{"start":{"line":51,"column":87},"end":{"line":51,"column":96}}],"line":51}},"s":{"0":6,"1":1,"2":1,"3":5,"4":1,"5":1,"6":4,"7":6,"8":2,"9":2,"10":4,"11":1,"12":1,"13":3,"14":5,"15":5,"16":5,"17":22,"18":8,"19":14,"20":5,"21":5,"22":1,"23":1,"24":4,"25":4,"26":12,"27":12,"28":23,"29":12,"30":1,"31":3,"32":1},"f":{"0":6,"1":6,"2":5,"3":22,"4":5,"5":12,"6":23,"7":1,"8":3},"b":{"0":[1,5],"1":[1,4],"2":[2,4],"3":[1,3],"4":[8,14],"5":[22,19,17,16,15],"6":[1,4],"7":[23,21,15,14,13]},"_coverageSchema":"43e27e138ebf9cfc5966b082cf9a028302ed4184","hash":"04e64a37f3ada28c253222514e678538cd16fef4"}
}
