TN:
SF:C:\Users\Zach\Desktop\Haiku\src\js\haiku.js
FN:2,exemption
FN:23,deleteSilent
FN:37,eilizer
FN:40,(anonymous_3)
FN:50,doubleVowelRemover
FN:60,vowelCounter
FN:62,(anonymous_6)
FN:66,doTheDangThang
FN:67,(anonymous_8)
FN:71,addTheDangThang
FN:72,(anonymous_10)
FNF:11
FNH:11
FNDA:13,exemption
FNDA:8,deleteSilent
FNDA:5,eilizer
FNDA:22,(anonymous_3)
FNDA:5,doubleVowelRemover
FNDA:12,vowelCounter
FNDA:23,(anonymous_6)
FNDA:1,doTheDangThang
FNDA:3,(anonymous_8)
FNDA:1,addTheDangThang
FNDA:3,(anonymous_10)
DA:3,13
DA:4,1
DA:5,1
DA:6,12
DA:7,1
DA:8,1
DA:9,11
DA:10,1
DA:11,1
DA:12,10
DA:13,1
DA:14,1
DA:15,9
DA:16,1
DA:17,1
DA:19,8
DA:24,8
DA:25,3
DA:26,5
DA:27,2
DA:28,2
DA:29,3
DA:30,1
DA:31,1
DA:33,2
DA:38,5
DA:39,5
DA:40,5
DA:41,22
DA:42,8
DA:44,14
DA:47,5
DA:51,5
DA:52,1
DA:53,1
DA:55,4
DA:56,4
DA:61,12
DA:62,23
DA:63,12
DA:67,3
DA:68,1
DA:72,1
DA:73,3
DA:75,1
LF:45
LH:45
BRDA:3,0,0,1
BRDA:3,0,1,12
BRDA:6,1,0,1
BRDA:6,1,1,11
BRDA:9,2,0,1
BRDA:9,2,1,10
BRDA:12,3,0,1
BRDA:12,3,1,9
BRDA:12,4,0,10
BRDA:12,4,1,3
BRDA:12,4,2,1
BRDA:12,4,3,1
BRDA:12,4,4,2
BRDA:12,4,5,1
BRDA:15,5,0,1
BRDA:15,5,1,8
BRDA:15,6,0,9
BRDA:15,6,1,6
BRDA:15,6,2,5
BRDA:15,6,3,3
BRDA:15,6,4,2
BRDA:15,6,5,2
BRDA:24,7,0,3
BRDA:24,7,1,5
BRDA:24,8,0,8
BRDA:24,8,1,4
BRDA:24,8,2,4
BRDA:24,8,3,3
BRDA:24,8,4,3
BRDA:24,8,5,3
BRDA:26,9,0,2
BRDA:26,9,1,3
BRDA:29,10,0,1
BRDA:29,10,1,2
BRDA:41,11,0,8
BRDA:41,11,1,14
BRDA:41,12,0,22
BRDA:41,12,1,19
BRDA:41,12,2,17
BRDA:41,12,3,16
BRDA:41,12,4,15
BRDA:51,13,0,1
BRDA:51,13,1,4
BRDA:62,14,0,23
BRDA:62,14,1,21
BRDA:62,14,2,15
BRDA:62,14,3,14
BRDA:62,14,4,13
BRF:48
BRH:48
end_of_record
