TN:
SF:C:\Users\Zach\Desktop\Haiku\src\js\haiku.js
FN:2,exemption
FN:14,deleteSilent
FN:26,eilizer
FN:29,(anonymous_3)
FN:39,doubleVowelRemover
FN:49,vowelCounter
FN:51,(anonymous_6)
FN:65,doTheDangThang
FN:66,(anonymous_8)
FN:70,addTheDangThang
FN:71,(anonymous_10)
FNF:11
FNH:11
FNDA:6,exemption
FNDA:6,deleteSilent
FNDA:5,eilizer
FNDA:22,(anonymous_3)
FNDA:5,doubleVowelRemover
FNDA:12,vowelCounter
FNDA:23,(anonymous_6)
FNDA:1,doTheDangThang
FNDA:3,(anonymous_8)
FNDA:1,addTheDangThang
FNDA:3,(anonymous_10)
DA:3,6
DA:4,1
DA:5,1
DA:6,5
DA:7,1
DA:8,1
DA:10,4
DA:15,6
DA:16,2
DA:17,2
DA:18,4
DA:19,1
DA:20,1
DA:22,3
DA:27,5
DA:28,5
DA:29,5
DA:30,22
DA:31,8
DA:33,14
DA:36,5
DA:40,5
DA:41,1
DA:42,1
DA:44,4
DA:45,4
DA:50,12
DA:51,23
DA:52,12
DA:66,3
DA:67,1
DA:71,1
DA:72,3
DA:74,1
LF:34
LH:34
BRDA:3,0,0,1
BRDA:3,0,1,5
BRDA:6,1,0,1
BRDA:6,1,1,4
BRDA:15,2,0,2
BRDA:15,2,1,4
BRDA:18,3,0,1
BRDA:18,3,1,3
BRDA:30,4,0,8
BRDA:30,4,1,14
BRDA:30,5,0,22
BRDA:30,5,1,19
BRDA:30,5,2,17
BRDA:30,5,3,16
BRDA:30,5,4,15
BRDA:40,6,0,1
BRDA:40,6,1,4
BRDA:51,7,0,23
BRDA:51,7,1,21
BRDA:51,7,2,15
BRDA:51,7,3,14
BRDA:51,7,4,13
BRF:22
BRH:22
end_of_record
